2023-06-08 15:27:35.887  INFO 3056 --- [restartedMain] c.p.l.SpringBootWithLinuxApplication     : Starting SpringBootWithLinuxApplication using Java 17.0.2 on DESKTOP-EL4DP8K with PID 3056 (D:\Ashok IT-Programms\SpringBootWithLinux\target\classes started by HP in D:\Ashok IT-Programms\SpringBootWithLinux)
2023-06-08 15:27:35.889  INFO 3056 --- [restartedMain] c.p.l.SpringBootWithLinuxApplication     : No active profile set, falling back to 1 default profile: "default"
2023-06-08 15:27:35.997  INFO 3056 --- [restartedMain] .e.DevToolsPropertyDefaultsPostProcessor : Devtools property defaults active! Set 'spring.devtools.add-properties' to 'false' to disable
2023-06-08 15:27:35.998  INFO 3056 --- [restartedMain] .e.DevToolsPropertyDefaultsPostProcessor : For additional web related logging consider setting the 'logging.level.web' property to 'DEBUG'
2023-06-08 15:27:37.898  INFO 3056 --- [restartedMain] o.s.b.w.embedded.tomcat.TomcatWebServer  : Tomcat initialized with port(s): 8084 (http)
2023-06-08 15:27:37.928  INFO 3056 --- [restartedMain] o.apache.catalina.core.StandardService   : Starting service [Tomcat]
2023-06-08 15:27:37.929  INFO 3056 --- [restartedMain] org.apache.catalina.core.StandardEngine  : Starting Servlet engine: [Apache Tomcat/9.0.75]
2023-06-08 15:27:38.061  INFO 3056 --- [restartedMain] o.a.c.c.C.[Tomcat].[localhost].[/]       : Initializing Spring embedded WebApplicationContext
2023-06-08 15:27:38.061  INFO 3056 --- [restartedMain] w.s.c.ServletWebServerApplicationContext : Root WebApplicationContext: initialization completed in 2061 ms
2023-06-08 15:27:38.716  INFO 3056 --- [restartedMain] o.s.b.d.a.OptionalLiveReloadServer       : LiveReload server is running on port 35729
2023-06-08 15:27:38.898  INFO 3056 --- [restartedMain] o.s.b.w.embedded.tomcat.TomcatWebServer  : Tomcat started on port(s): 8084 (http) with context path ''
2023-06-08 15:27:38.914  INFO 3056 --- [restartedMain] c.p.l.SpringBootWithLinuxApplication     : Started SpringBootWithLinuxApplication in 3.939 seconds (JVM running for 5.691)
2023-06-08 15:28:01.424  INFO 3056 --- [http-nio-8084-exec-1] o.a.c.c.C.[Tomcat].[localhost].[/]       : Initializing Spring DispatcherServlet 'dispatcherServlet'
2023-06-08 15:28:01.425  INFO 3056 --- [http-nio-8084-exec-1] o.s.web.servlet.DispatcherServlet        : Initializing Servlet 'dispatcherServlet'
2023-06-08 15:28:01.427  INFO 3056 --- [http-nio-8084-exec-1] o.s.web.servlet.DispatcherServlet        : Completed initialization in 1 ms
2023-06-08 15:28:01.470  INFO 3056 --- [http-nio-8084-exec-1] c.p.l.controller.MyController            : getMessage() Method Execution started...
2023-06-08 15:28:01.470  INFO 3056 --- [http-nio-8084-exec-1] c.p.l.controller.MyController            : getMessage() Method Execution Ended...
2023-06-08 15:28:11.510  INFO 3056 --- [RMI TCP Connection(4)-127.0.0.1] inMXBeanRegistrar$SpringApplicationAdmin : Application shutdown requested.
2023-06-08 15:28:11.535  INFO 3056 --- [RMI TCP Connection(4)-127.0.0.1] o.apache.catalina.core.StandardService   : Stopping service [Tomcat]
2023-06-08 15:28:11.536  INFO 3056 --- [RMI TCP Connection(4)-127.0.0.1] o.a.c.c.C.[Tomcat].[localhost].[/]       : Destroying Spring FrameworkServlet 'dispatcherServlet'
